<?xml version="1.0" encoding="UTF-8"?>
<!-- Generated by org.testng.reporters.JUnitXMLReporter -->
<testsuite ignored="0" hostname="DESKTOP-GVPIIJD" failures="2" tests="13" name="Run on Chrome" time="115.456" errors="0" timestamp="2025-05-18T11:33:19 IST">
  <testcase classname="SeleniumTopic.Selenium_Suite_parallel" name="Verify" time="0.051">
    <skipped/>
  </testcase> <!-- Verify -->
  <testcase classname="SeleniumTopic.Selenium_Suite_parallel" name="Scroll_using_javascript_bottom_page" time="20.068"/>
  <testcase classname="SeleniumTopic.Selenium_Suite_parallel" name="Scroll_using_javascript" time="26.017">
    <skipped/>
  </testcase> <!-- Scroll_using_javascript -->
  <testcase classname="SeleniumTopic.Selenium_Suite_parallel" name="Scroll_using_javascript_specific_pixels" time="29.716"/>
  <testcase classname="SeleniumTopic.Selenium_Suite_parallel" name="rightClick" time="30.982"/>
  <testcase classname="SeleniumTopic.Selenium_Suite_parallel" name="DragAndDrop" time="33.492"/>
  <testcase classname="SeleniumTopic.Selenium_Suite_parallel" name="Verify" time="0.001">
    <skipped/>
  </testcase> <!-- Verify -->
  <testcase classname="SeleniumTopic.Selenium_Suite_parallel" name="Scroll_using_javascript" time="15.224">
    <skipped/>
  </testcase> <!-- Scroll_using_javascript -->
  <testcase classname="SeleniumTopic.Selenium_Suite_parallel" name="Verify" time="0.002">
    <skipped/>
  </testcase> <!-- Verify -->
  <testcase classname="SeleniumTopic.Selenium_Suite_parallel" name="Scroll_using_javascript" time="7.514">
    <skipped/>
  </testcase> <!-- Scroll_using_javascript -->
  <testcase classname="SeleniumTopic.Selenium_Suite_parallel" name="Verify" time="0.002">
    <failure type="java.lang.AssertionError" message="The following asserts failed:
	First failure,
	Second failure">
      <![CDATA[java.lang.AssertionError: The following asserts failed:
First failure,
Second failure
at SeleniumTopic.Selenium_Suite_parallel.Verify(Selenium_Suite_parallel.java:214)
at java.base/java.util.concurrent.ThreadPoolExecutor.runWorker(ThreadPoolExecutor.java:1144)
at java.base/java.util.concurrent.ThreadPoolExecutor$Worker.run(ThreadPoolExecutor.java:642)
at java.base/java.lang.Thread.run(Thread.java:1623)
... Removed 12 stack frames]]>
    </failure>
  </testcase> <!-- Verify -->
  <testcase classname="SeleniumTopic.Selenium_Suite_parallel" name="Scroll_using_javascript" time="11.643">
    <failure type="org.openqa.selenium.NoSuchElementException" message="no such element: Unable to locate element: {&amp;quot;method&amp;quot;:&amp;quot;xpath&amp;quot;,&amp;quot;selector&amp;quot;:&amp;quot;//buttn[@id=&amp;apos;Button1&amp;apos;]&amp;quot;}
  (Session info: chrome=136.0.7103.114)
For documentation on this error, please visit: https://www.selenium.dev/documentation/webdriver/troubleshooting/errors#no-such-element-exception
Build info: version: &amp;apos;4.25.0&amp;apos;, revision: &amp;apos;8a8aea2337&amp;apos;
System info: os.name: &amp;apos;Windows 10&amp;apos;, os.arch: &amp;apos;amd64&amp;apos;, os.version: &amp;apos;10.0&amp;apos;, java.version: &amp;apos;20.0.1&amp;apos;
Driver info: org.openqa.selenium.chrome.ChromeDriver
Command: [8c854d397e998aee1c0304c5d9364414, findElement {value=//buttn[@id=&amp;apos;Button1&amp;apos;], using=xpath}]
Capabilities {acceptInsecureCerts: false, browserName: chrome, browserVersion: 136.0.7103.114, chrome: {chromedriverVersion: 136.0.7103.94 (fa0be0b33deb..., userDataDir: C:\Users\ADITYA~1\AppData\L...}, fedcm:accounts: true, goog:chromeOptions: {debuggerAddress: localhost:49395}, networkConnectionEnabled: false, pageLoadStrategy: normal, platformName: windows, proxy: Proxy(), se:cdp: ws://localhost:49395/devtoo..., se:cdpVersion: 136.0.7103.114, setWindowRect: true, strictFileInteractability: false, timeouts: {implicit: 0, pageLoad: 300000, script: 30000}, unhandledPromptBehavior: dismiss and notify, webauthn:extension:credBlob: true, webauthn:extension:largeBlob: true, webauthn:extension:minPinLength: true, webauthn:extension:prf: true, webauthn:virtualAuthenticators: true}
Session ID: 8c854d397e998aee1c0304c5d9364414">
      <![CDATA[org.openqa.selenium.NoSuchElementException: no such element: Unable to locate element: {"method":"xpath","selector":"//buttn[@id='Button1']"}
  (Session info: chrome=136.0.7103.114)
For documentation on this error, please visit: https://www.selenium.dev/documentation/webdriver/troubleshooting/errors#no-such-element-exception
Build info: version: '4.25.0', revision: '8a8aea2337'
System info: os.name: 'Windows 10', os.arch: 'amd64', os.version: '10.0', java.version: '20.0.1'
Driver info: org.openqa.selenium.chrome.ChromeDriver
Command: [8c854d397e998aee1c0304c5d9364414, findElement {value=//buttn[@id='Button1'], using=xpath}]
Capabilities {acceptInsecureCerts: false, browserName: chrome, browserVersion: 136.0.7103.114, chrome: {chromedriverVersion: 136.0.7103.94 (fa0be0b33deb..., userDataDir: C:\Users\ADITYA~1\AppData\L...}, fedcm:accounts: true, goog:chromeOptions: {debuggerAddress: localhost:49395}, networkConnectionEnabled: false, pageLoadStrategy: normal, platformName: windows, proxy: Proxy(), se:cdp: ws://localhost:49395/devtoo..., se:cdpVersion: 136.0.7103.114, setWindowRect: true, strictFileInteractability: false, timeouts: {implicit: 0, pageLoad: 300000, script: 30000}, unhandledPromptBehavior: dismiss and notify, webauthn:extension:credBlob: true, webauthn:extension:largeBlob: true, webauthn:extension:minPinLength: true, webauthn:extension:prf: true, webauthn:virtualAuthenticators: true}
Session ID: 8c854d397e998aee1c0304c5d9364414
at org.openqa.selenium.remote.ErrorCodec.decode(ErrorCodec.java:167)
at org.openqa.selenium.remote.codec.w3c.W3CHttpResponseCodec.decode(W3CHttpResponseCodec.java:138)
at org.openqa.selenium.remote.codec.w3c.W3CHttpResponseCodec.decode(W3CHttpResponseCodec.java:50)
at org.openqa.selenium.remote.HttpCommandExecutor.execute(HttpCommandExecutor.java:190)
at org.openqa.selenium.remote.service.DriverCommandExecutor.invokeExecute(DriverCommandExecutor.java:216)
at org.openqa.selenium.remote.service.DriverCommandExecutor.execute(DriverCommandExecutor.java:174)
at org.openqa.selenium.remote.RemoteWebDriver.execute(RemoteWebDriver.java:545)
at org.openqa.selenium.remote.ElementLocation$ElementFinder$2.findElement(ElementLocation.java:165)
at org.openqa.selenium.remote.ElementLocation.findElement(ElementLocation.java:59)
at org.openqa.selenium.remote.RemoteWebDriver.findElement(RemoteWebDriver.java:368)
at org.openqa.selenium.remote.RemoteWebDriver.findElement(RemoteWebDriver.java:362)
at SeleniumTopic.Selenium_Suite_parallel.Scroll_using_javascript(Selenium_Suite_parallel.java:160)
at java.base/java.util.concurrent.ThreadPoolExecutor.runWorker(ThreadPoolExecutor.java:1144)
at java.base/java.util.concurrent.ThreadPoolExecutor$Worker.run(ThreadPoolExecutor.java:642)
at java.base/java.lang.Thread.run(Thread.java:1623)
... Removed 13 stack frames]]>
    </failure>
  </testcase> <!-- Scroll_using_javascript -->
  <testcase classname="SeleniumTopic.Selenium_Suite_parallel" name="DragAndDrop" time="30.092"/>
</testsuite> <!-- Run on Chrome -->
